<?xml version="1.0" encoding="UTF-8"?>
<!-- Generated by org.testng.reporters.JUnitReportReporter -->
<testsuite hostname="LAPTOP-B351IJEI" failures="0" tests="1" name="Java.PracticeHashmap" time="0.008" errors="0" timestamp="2023-07-01T03:32:11 CDT" skipped="0">
  <testcase classname="Java.PracticeHashmap" name="Hashmap" time="0.008"/>
  <system-out/>
</testsuite> <!-- Java.PracticeHashmap -->
