<?xml version="1.0" encoding="UTF-8"?>
<!-- Generated by org.testng.reporters.JUnitReportReporter -->
<testsuite hostname="LAPTOP-B351IJEI" failures="0" tests="2" name="Java.Interview" time="0.036" errors="0" timestamp="2022-11-12T16:23:49 CST" skipped="0">
  <testcase classname="Java.Interview" name="Repeatedchar" time="0.001"/>
  <system-out/>
  <testcase classname="Java.Interview" name="Comparenumbers" time="0.035"/>
  <system-out/>
</testsuite> <!-- Java.Interview -->
