<?xml version="1.0" encoding="UTF-8"?>
<!-- Generated by org.testng.reporters.JUnitReportReporter -->
<testsuite hostname="LAPTOP-B351IJEI" failures="0" tests="1" name="Java.prac5" time="0.005" errors="0" timestamp="2023-04-21T13:50:02 CDT" skipped="0">
  <testcase classname="Java.prac5" name="Sortnumbers" time="0.005"/>
  <system-out/>
</testsuite> <!-- Java.prac5 -->
